{"contracts/PayableContract.sol":{"l":{"17":0,"18":0,"22":0,"23":0,"31":3,"32":3,"41":0,"43":0,"45":0,"47":0,"49":0,"56":0,"58":0,"60":0,"62":0,"69":0,"71":0,"73":0,"82":0,"90":0,"92":0},"path":"/Users/oluwafemialofe/Sites/dapps/payable-contract/contracts/PayableContract.sol","s":{"1":0,"2":0,"3":3,"4":3,"5":0,"6":0,"7":0,"8":0,"9":0,"10":0,"11":0,"12":0,"13":0,"14":0,"15":0,"16":0,"17":0,"18":0},"b":{"1":[0,0],"2":[0,0],"3":[0,0],"4":[0,0],"5":[0,0],"6":[0,0]},"f":{"1":0,"2":0,"3":3,"4":0,"5":0,"6":0,"7":0},"fnMap":{"1":{"name":"onlyAdmin","line":16,"loc":{"start":{"line":16,"column":4},"end":{"line":19,"column":4}}},"2":{"name":"onlyOwner","line":21,"loc":{"start":{"line":21,"column":4},"end":{"line":24,"column":4}}},"3":{"name":"constructor","line":30,"loc":{"start":{"line":30,"column":4},"end":{"line":33,"column":4}}},"4":{"name":"transferOwnership","line":40,"loc":{"start":{"line":40,"column":4},"end":{"line":50,"column":4}}},"5":{"name":"withdrawAll","line":55,"loc":{"start":{"line":55,"column":4},"end":{"line":63,"column":4}}},"6":{"name":"withdrawPartial","line":68,"loc":{"start":{"line":68,"column":4},"end":{"line":74,"column":4}}},"7":{"name":"killSwitch","line":89,"loc":{"start":{"line":89,"column":4},"end":{"line":93,"column":4}}}},"statementMap":{"1":{"start":{"line":17,"column":8},"end":{"line":17,"column":59}},"2":{"start":{"line":22,"column":8},"end":{"line":22,"column":59}},"3":{"start":{"line":31,"column":8},"end":{"line":31,"column":25}},"4":{"start":{"line":32,"column":8},"end":{"line":32,"column":20}},"5":{"start":{"line":41,"column":8},"end":{"line":41,"column":39}},"6":{"start":{"line":43,"column":8},"end":{"line":43,"column":37}},"7":{"start":{"line":45,"column":8},"end":{"line":45,"column":42}},"8":{"start":{"line":47,"column":8},"end":{"line":47,"column":24}},"9":{"start":{"line":49,"column":8},"end":{"line":49,"column":19}},"10":{"start":{"line":56,"column":8},"end":{"line":56,"column":43}},"11":{"start":{"line":58,"column":8},"end":{"line":58,"column":60}},"12":{"start":{"line":60,"column":8},"end":{"line":60,"column":55}},"13":{"start":{"line":62,"column":8},"end":{"line":62,"column":41}},"14":{"start":{"line":69,"column":8},"end":{"line":69,"column":60}},"15":{"start":{"line":71,"column":8},"end":{"line":71,"column":59}},"16":{"start":{"line":73,"column":8},"end":{"line":73,"column":41}},"17":{"start":{"line":90,"column":6},"end":{"line":90,"column":45}},"18":{"start":{"line":92,"column":6},"end":{"line":92,"column":25}}},"branchMap":{"1":{"line":17,"type":"if","locations":[{"start":{"line":17,"column":8},"end":{"line":17,"column":8}},{"start":{"line":17,"column":8},"end":{"line":17,"column":8}}]},"2":{"line":22,"type":"if","locations":[{"start":{"line":22,"column":8},"end":{"line":22,"column":8}},{"start":{"line":22,"column":8},"end":{"line":22,"column":8}}]},"3":{"line":41,"type":"if","locations":[{"start":{"line":41,"column":8},"end":{"line":41,"column":8}},{"start":{"line":41,"column":8},"end":{"line":41,"column":8}}]},"4":{"line":45,"type":"if","locations":[{"start":{"line":45,"column":8},"end":{"line":45,"column":8}},{"start":{"line":45,"column":8},"end":{"line":45,"column":8}}]},"5":{"line":60,"type":"if","locations":[{"start":{"line":60,"column":8},"end":{"line":60,"column":8}},{"start":{"line":60,"column":8},"end":{"line":60,"column":8}}]},"6":{"line":71,"type":"if","locations":[{"start":{"line":71,"column":8},"end":{"line":71,"column":8}},{"start":{"line":71,"column":8},"end":{"line":71,"column":8}}]}}}}